{
  "0 debug pnpm:scope": {
    "selected": 1
  },
  "1 info pnpm": {
    "err": {
      "name": "Error",
      "message": "Command failed with ENOENT: upgraf\nspawn upgraf ENOENT",
      "code": "ENOENT",
      "stack": "Error: Command failed with ENOENT: upgraf\nspawn upgraf ENOENT\n    at Process.ChildProcess._handle.onexit (node:internal/child_process:282:19)\n    at onErrorNT (node:internal/child_process:477:16)\n    at processTicksAndRejections (node:internal/process/task_queues:83:21)"
    }
  },
  "2 error pnpm": {
    "errno": -2,
    "code": "ERR_PNPM_RECURSIVE_EXEC_FIRST_FAIL",
    "syscall": "spawn upgraf",
    "path": "upgraf",
    "spawnargs": [],
    "originalMessage": "spawn upgraf ENOENT",
    "shortMessage": "Command failed with ENOENT: upgraf\nspawn upgraf ENOENT",
    "command": "upgraf",
    "escapedCommand": "upgraf",
    "failed": true,
    "timedOut": false,
    "isCanceled": false,
    "killed": false,
    "prefix": "/home/spicy/git/weimer-republic-creative-project",
    "err": {
      "name": "pnpm",
      "message": "Command failed with ENOENT: upgraf\nspawn upgraf ENOENT",
      "code": "ERR_PNPM_RECURSIVE_EXEC_FIRST_FAIL",
      "stack": "Error: Command failed with ENOENT: upgraf\nspawn upgraf ENOENT\n    at Process.ChildProcess._handle.onexit (node:internal/child_process:282:19)\n    at onErrorNT (node:internal/child_process:477:16)\n    at processTicksAndRejections (node:internal/process/task_queues:83:21)"
    }
  }
}